  Functions.c
C:\Users\HP\Desktop\goc\инф дз\лр4\шщр\1\Functions.c(41,19): warning C4047: функция: "unsigned int *" отличается по уровням косвенного обращения от "unsigned int"
C:\Users\HP\Desktop\goc\инф дз\лр4\шщр\1\Functions.c(41,19): warning C4024: questions_: различные типы для формального и фактического параметров 1
C:\Users\HP\Desktop\goc\инф дз\лр4\шщр\1\Functions.c(45,19): warning C4047: функция: "unsigned int *" отличается по уровням косвенного обращения от "unsigned int"
C:\Users\HP\Desktop\goc\инф дз\лр4\шщр\1\Functions.c(45,19): warning C4024: questions_: различные типы для формального и фактического параметров 1
C:\Users\HP\Desktop\goc\инф дз\лр4\шщр\1\Functions.c(240,34): warning C4028: формальный параметр 1 отличается от объявления
C:\Users\HP\Desktop\goc\инф дз\лр4\шщр\1\Functions.c(242,9): warning C4477: "printf": в строке форматирования "%u" требуется аргумент типа "unsigned int", но вариативный аргумент "1" имеет тип "unsigned int *"
C:\Users\HP\Desktop\goc\инф дз\лр4\шщр\1\Functions.c(250,23): warning C4047: функция: "unsigned int" отличается по уровням косвенного обращения от "unsigned int *"
  main.c
C:\Users\HP\Desktop\goc\инф дз\лр4\шщр\1\Functions.c(250,23): warning C4024: state_of_family_: различные типы для формального и фактического параметров 1
C:\Users\HP\Desktop\goc\инф дз\лр4\шщр\1\Functions.c(41,19): warning C4047: функция: "unsigned int *" отличается по уровням косвенного обращения от "unsigned int"
C:\Users\HP\Desktop\goc\инф дз\лр4\шщр\1\Functions.c(41,19): warning C4024: questions_: различные типы для формального и фактического параметров 1
C:\Users\HP\Desktop\goc\инф дз\лр4\шщр\1\Functions.c(45,19): warning C4047: функция: "unsigned int *" отличается по уровням косвенного обращения от "unsigned int"
C:\Users\HP\Desktop\goc\инф дз\лр4\шщр\1\Functions.c(45,19): warning C4024: questions_: различные типы для формального и фактического параметров 1
C:\Users\HP\Desktop\goc\инф дз\лр4\шщр\1\Functions.c(240,34): warning C4028: формальный параметр 1 отличается от объявления
C:\Users\HP\Desktop\goc\инф дз\лр4\шщр\1\Functions.c(242,9): warning C4477: "printf": в строке форматирования "%u" требуется аргумент типа "unsigned int", но вариативный аргумент "1" имеет тип "unsigned int *"
C:\Users\HP\Desktop\goc\инф дз\лр4\шщр\1\Functions.c(250,23): warning C4047: функция: "unsigned int" отличается по уровням косвенного обращения от "unsigned int *"
C:\Users\HP\Desktop\goc\инф дз\лр4\шщр\1\Functions.c(250,23): warning C4024: state_of_family_: различные типы для формального и фактического параметров 1
  Создание кода...
C:\Users\HP\Desktop\goc\инф дз\лр4\шщр\1\main.c(8,1): warning C4047: инициализация: "unsigned int *" отличается по уровням косвенного обращения от "unsigned int **"
C:\Users\HP\Desktop\goc\инф дз\лр4\шщр\1\Functions.c(51): warning C4715: questions_: значение возвращается не при всех путях выполнения
  1.vcxproj -> C:\Users\HP\Desktop\goc\инф дз\лр4\шщр\1\Debug\1.exe
